2014/07/04 08:25:04 [error] [php] Undefined variable: createUrl (E:\project\ring\protected\views\eo\index.php:4)
Stack trace:
#0 E:\project\yii\framework\web\CController.php(869): EoController->renderFile()
#1 E:\project\yii\framework\web\CController.php(782): EoController->renderPartial()
#2 E:\project\ring\protected\controllers\EoController.php(22): EoController->render()
#3 E:\project\yii\framework\web\actions\CInlineAction.php(49): EoController->actionIndex()
#4 E:\project\yii\framework\web\CController.php(308): CInlineAction->runWithParams()
#5 E:\project\yii\framework\web\CController.php(286): EoController->runAction()
#6 E:\project\yii\framework\web\CController.php(265): EoController->runActionWithFilters()
#7 E:\project\yii\framework\web\CWebApplication.php(282): EoController->run()
#8 E:\project\yii\framework\web\CWebApplication.php(141): CWebApplication->runController()
#9 E:\project\yii\framework\base\CApplication.php(180): CWebApplication->processRequest()
#10 E:\project\ring\index.php(13): CWebApplication->run()
REQUEST_URI=/ring/index.php?r=eo/index
in E:\project\ring\protected\views\eo\index.php (4)
in E:\project\ring\protected\controllers\EoController.php (22)
in E:\project\ring\index.php (13)
2014/07/04 08:47:34 [error] [exception.CException] exception 'CException' with message 'Property "CDbConnection.name" is not defined.' in E:\project\yii\framework\base\CComponent.php:173
Stack trace:
#0 E:\project\yii\framework\YiiBase.php(220): CComponent->__set('name', 'ring')
#1 E:\project\yii\framework\base\CModule.php(386): YiiBase::createComponent(Array)
#2 E:\project\yii\framework\base\CApplication.php(450): CModule->getComponent('db')
#3 E:\project\yii\framework\db\ar\CActiveRecord.php(634): CApplication->getDb()
#4 E:\project\yii\framework\db\ar\CActiveRecord.php(2361): CActiveRecord->getDbConnection()
#5 E:\project\yii\framework\db\ar\CActiveRecord.php(411): CActiveRecordMetaData->__construct(Object(Eo))
#6 E:\project\yii\framework\db\ar\CActiveRecord.php(79): CActiveRecord->getMetaData()
#7 E:\project\ring\protected\controllers\EoController.php(17): CActiveRecord->__construct()
#8 E:\project\yii\framework\web\actions\CInlineAction.php(49): EoController->actionIndex()
#9 E:\project\yii\framework\web\CController.php(308): CInlineAction->runWithParams(Array)
#10 E:\project\yii\framework\web\CController.php(286): CController->runAction(Object(CInlineAction))
#11 E:\project\yii\framework\web\CController.php(265): CController->runActionWithFilters(Object(CInlineAction), Array)
#12 E:\project\yii\framework\web\CWebApplication.php(282): CController->run('index')
#13 E:\project\yii\framework\web\CWebApplication.php(141): CWebApplication->runController('eo/index')
#14 E:\project\yii\framework\base\CApplication.php(180): CWebApplication->processRequest()
#15 E:\project\ring\index.php(13): CApplication->run()
#16 {main}
REQUEST_URI=/ring/index.php?r=eo/index&sEcho=1&iColumns=4&sColumns=&iDisplayStart=0&iDisplayLength=10&mDataProp_0=eo_name&mDataProp_1=eo_address&mDataProp_2=eo_email&mDataProp_3=evt_id&sSearch=&bRegex=false&sSearch_0=&bRegex_0=false&bSearchable_0=true&sSearch_1=&bRegex_1=false&bSearchable_1=true&sSearch_2=&bRegex_2=false&bSearchable_2=true&sSearch_3=&bRegex_3=false&bSearchable_3=true&iSortCol_0=0&sSortDir_0=asc&iSortingCols=1&bSortable_0=true&bSortable_1=true&bSortable_2=true&bSortable_3=true&date=&time=&_=1404456454452
HTTP_REFERER=http://localhost/ring/index.php?r=eo/index
---
2014/07/04 08:47:51 [error] [exception.CException] exception 'CException' with message 'Property "CDbConnection.name" is not defined.' in E:\project\yii\framework\base\CComponent.php:173
Stack trace:
#0 E:\project\yii\framework\YiiBase.php(220): CComponent->__set('name', 'ring')
#1 E:\project\yii\framework\base\CModule.php(386): YiiBase::createComponent(Array)
#2 E:\project\yii\framework\base\CApplication.php(450): CModule->getComponent('db')
#3 E:\project\yii\framework\db\ar\CActiveRecord.php(634): CApplication->getDb()
#4 E:\project\yii\framework\db\ar\CActiveRecord.php(2361): CActiveRecord->getDbConnection()
#5 E:\project\yii\framework\db\ar\CActiveRecord.php(411): CActiveRecordMetaData->__construct(Object(Eo))
#6 E:\project\yii\framework\db\ar\CActiveRecord.php(79): CActiveRecord->getMetaData()
#7 E:\project\ring\protected\controllers\EoController.php(17): CActiveRecord->__construct()
#8 E:\project\yii\framework\web\actions\CInlineAction.php(49): EoController->actionIndex()
#9 E:\project\yii\framework\web\CController.php(308): CInlineAction->runWithParams(Array)
#10 E:\project\yii\framework\web\CController.php(286): CController->runAction(Object(CInlineAction))
#11 E:\project\yii\framework\web\CController.php(265): CController->runActionWithFilters(Object(CInlineAction), Array)
#12 E:\project\yii\framework\web\CWebApplication.php(282): CController->run('index')
#13 E:\project\yii\framework\web\CWebApplication.php(141): CWebApplication->runController('eo/index')
#14 E:\project\yii\framework\base\CApplication.php(180): CWebApplication->processRequest()
#15 E:\project\ring\index.php(13): CApplication->run()
#16 {main}
REQUEST_URI=/ring/index.php?r=eo/index&sEcho=1&iColumns=4&sColumns=&iDisplayStart=0&iDisplayLength=10&mDataProp_0=eo_name&mDataProp_1=eo_address&mDataProp_2=eo_email&mDataProp_3=evt_id&sSearch=&bRegex=false&sSearch_0=&bRegex_0=false&bSearchable_0=true&sSearch_1=&bRegex_1=false&bSearchable_1=true&sSearch_2=&bRegex_2=false&bSearchable_2=true&sSearch_3=&bRegex_3=false&bSearchable_3=true&iSortCol_0=0&sSortDir_0=asc&iSortingCols=1&bSortable_0=true&bSortable_1=true&bSortable_2=true&bSortable_3=true&date=&time=&_=1404456471363
HTTP_REFERER=http://localhost/ring/index.php?r=eo/index
---
2014/07/04 12:28:03 [error] [php] Undefined variable: model (E:\project\ring\protected\views\eo\create.php:21)
Stack trace:
#0 E:\project\yii\framework\web\CController.php(869): EoController->renderFile()
#1 E:\project\yii\framework\web\CController.php(782): EoController->renderPartial()
#2 E:\project\ring\protected\controllers\EoController.php(36): EoController->render()
#3 E:\project\yii\framework\web\actions\CInlineAction.php(49): EoController->actionCreate()
#4 E:\project\yii\framework\web\CController.php(308): CInlineAction->runWithParams()
#5 E:\project\yii\framework\web\CController.php(286): EoController->runAction()
#6 E:\project\yii\framework\web\CController.php(265): EoController->runActionWithFilters()
#7 E:\project\yii\framework\web\CWebApplication.php(282): EoController->run()
#8 E:\project\yii\framework\web\CWebApplication.php(141): CWebApplication->runController()
#9 E:\project\yii\framework\base\CApplication.php(180): CWebApplication->processRequest()
#10 E:\project\ring\index.php(13): CWebApplication->run()
REQUEST_URI=/ring/index.php?r=eo/create
in E:\project\ring\protected\views\eo\create.php (21)
in E:\project\ring\protected\controllers\EoController.php (36)
in E:\project\ring\index.php (13)
2014/07/04 12:28:37 [error] [php] Undefined variable: model (E:\project\ring\protected\views\eo\_form.php:26)
Stack trace:
#0 E:\project\yii\framework\web\CController.php(869): EoController->renderFile()
#1 E:\project\ring\protected\views\eo\create.php(21): EoController->renderPartial()
#2 E:\project\yii\framework\web\CBaseController.php(126): require()
#3 E:\project\yii\framework\web\CBaseController.php(95): EoController->renderInternal()
#4 E:\project\yii\framework\web\CController.php(869): EoController->renderFile()
#5 E:\project\yii\framework\web\CController.php(782): EoController->renderPartial()
#6 E:\project\ring\protected\controllers\EoController.php(36): EoController->render()
#7 E:\project\yii\framework\web\actions\CInlineAction.php(49): EoController->actionCreate()
#8 E:\project\yii\framework\web\CController.php(308): CInlineAction->runWithParams()
#9 E:\project\yii\framework\web\CController.php(286): EoController->runAction()
#10 E:\project\yii\framework\web\CController.php(265): EoController->runActionWithFilters()
#11 E:\project\yii\framework\web\CWebApplication.php(282): EoController->run()
#12 E:\project\yii\framework\web\CWebApplication.php(141): CWebApplication->runController()
#13 E:\project\yii\framework\base\CApplication.php(180): CWebApplication->processRequest()
#14 E:\project\ring\index.php(13): CWebApplication->run()
REQUEST_URI=/ring/index.php?r=eo/create
in E:\project\ring\protected\views\eo\_form.php (26)
in E:\project\ring\protected\views\eo\create.php (21)
in E:\project\ring\protected\controllers\EoController.php (36)
2014/07/05 07:11:00 [warning] [application] Failed to set unsafe attribute "eo_name" of "Eo".
in E:\project\ring\protected\models\Eo.php (92)
in E:\project\ring\protected\controllers\EoController.php (33)
in E:\project\ring\index.php (13)
2014/07/05 07:11:00 [warning] [application] Failed to set unsafe attribute "eo_address" of "Eo".
in E:\project\ring\protected\models\Eo.php (92)
in E:\project\ring\protected\controllers\EoController.php (33)
in E:\project\ring\index.php (13)
2014/07/05 07:11:00 [warning] [application] Failed to set unsafe attribute "eo_phone" of "Eo".
in E:\project\ring\protected\models\Eo.php (92)
in E:\project\ring\protected\controllers\EoController.php (33)
in E:\project\ring\index.php (13)
2014/07/05 07:11:00 [warning] [application] Failed to set unsafe attribute "eo_fax" of "Eo".
in E:\project\ring\protected\models\Eo.php (92)
in E:\project\ring\protected\controllers\EoController.php (33)
in E:\project\ring\index.php (13)
2014/07/05 07:11:00 [warning] [application] Failed to set unsafe attribute "eo_email" of "Eo".
in E:\project\ring\protected\models\Eo.php (92)
in E:\project\ring\protected\controllers\EoController.php (33)
in E:\project\ring\index.php (13)
2014/07/05 07:11:00 [warning] [application] Failed to set unsafe attribute "eo_website" of "Eo".
in E:\project\ring\protected\models\Eo.php (92)
in E:\project\ring\protected\controllers\EoController.php (33)
in E:\project\ring\index.php (13)
2014/07/05 07:11:00 [warning] [application] Failed to set unsafe attribute "description" of "Eo".
in E:\project\ring\protected\models\Eo.php (92)
in E:\project\ring\protected\controllers\EoController.php (33)
in E:\project\ring\index.php (13)
2014/07/05 07:11:27 [warning] [application] Failed to set unsafe attribute "eo_name" of "Eo".
in E:\project\ring\protected\models\Eo.php (92)
in E:\project\ring\protected\controllers\EoController.php (33)
in E:\project\ring\index.php (13)
2014/07/05 07:11:27 [warning] [application] Failed to set unsafe attribute "eo_address" of "Eo".
in E:\project\ring\protected\models\Eo.php (92)
in E:\project\ring\protected\controllers\EoController.php (33)
in E:\project\ring\index.php (13)
2014/07/05 07:11:27 [warning] [application] Failed to set unsafe attribute "eo_phone" of "Eo".
in E:\project\ring\protected\models\Eo.php (92)
in E:\project\ring\protected\controllers\EoController.php (33)
in E:\project\ring\index.php (13)
2014/07/05 07:11:27 [warning] [application] Failed to set unsafe attribute "eo_fax" of "Eo".
in E:\project\ring\protected\models\Eo.php (92)
in E:\project\ring\protected\controllers\EoController.php (33)
in E:\project\ring\index.php (13)
2014/07/05 07:11:27 [warning] [application] Failed to set unsafe attribute "eo_email" of "Eo".
in E:\project\ring\protected\models\Eo.php (92)
in E:\project\ring\protected\controllers\EoController.php (33)
in E:\project\ring\index.php (13)
2014/07/05 07:11:27 [warning] [application] Failed to set unsafe attribute "eo_website" of "Eo".
in E:\project\ring\protected\models\Eo.php (92)
in E:\project\ring\protected\controllers\EoController.php (33)
in E:\project\ring\index.php (13)
2014/07/05 07:11:27 [warning] [application] Failed to set unsafe attribute "description" of "Eo".
in E:\project\ring\protected\models\Eo.php (92)
in E:\project\ring\protected\controllers\EoController.php (33)
in E:\project\ring\index.php (13)
2014/07/05 07:17:08 [warning] [application] Failed to set unsafe attribute "eo_name" of "Eo".
in E:\project\ring\protected\models\Eo.php (92)
in E:\project\ring\protected\controllers\EoController.php (33)
in E:\project\ring\index.php (13)
2014/07/05 07:17:08 [warning] [application] Failed to set unsafe attribute "eo_address" of "Eo".
in E:\project\ring\protected\models\Eo.php (92)
in E:\project\ring\protected\controllers\EoController.php (33)
in E:\project\ring\index.php (13)
2014/07/05 07:17:08 [warning] [application] Failed to set unsafe attribute "eo_phone" of "Eo".
in E:\project\ring\protected\models\Eo.php (92)
in E:\project\ring\protected\controllers\EoController.php (33)
in E:\project\ring\index.php (13)
2014/07/05 07:17:08 [warning] [application] Failed to set unsafe attribute "eo_fax" of "Eo".
in E:\project\ring\protected\models\Eo.php (92)
in E:\project\ring\protected\controllers\EoController.php (33)
in E:\project\ring\index.php (13)
2014/07/05 07:17:08 [warning] [application] Failed to set unsafe attribute "eo_email" of "Eo".
in E:\project\ring\protected\models\Eo.php (92)
in E:\project\ring\protected\controllers\EoController.php (33)
in E:\project\ring\index.php (13)
2014/07/05 07:17:08 [warning] [application] Failed to set unsafe attribute "eo_website" of "Eo".
in E:\project\ring\protected\models\Eo.php (92)
in E:\project\ring\protected\controllers\EoController.php (33)
in E:\project\ring\index.php (13)
2014/07/05 07:17:08 [warning] [application] Failed to set unsafe attribute "description" of "Eo".
in E:\project\ring\protected\models\Eo.php (92)
in E:\project\ring\protected\controllers\EoController.php (33)
in E:\project\ring\index.php (13)
2014/07/05 07:18:39 [warning] [application] Failed to set unsafe attribute "eo_name" of "Eo".
in E:\project\ring\protected\models\Eo.php (92)
in E:\project\ring\protected\controllers\EoController.php (33)
in E:\project\ring\index.php (13)
2014/07/05 07:18:39 [warning] [application] Failed to set unsafe attribute "eo_address" of "Eo".
in E:\project\ring\protected\models\Eo.php (92)
in E:\project\ring\protected\controllers\EoController.php (33)
in E:\project\ring\index.php (13)
2014/07/05 07:18:39 [warning] [application] Failed to set unsafe attribute "eo_phone" of "Eo".
in E:\project\ring\protected\models\Eo.php (92)
in E:\project\ring\protected\controllers\EoController.php (33)
in E:\project\ring\index.php (13)
2014/07/05 07:18:39 [warning] [application] Failed to set unsafe attribute "eo_fax" of "Eo".
in E:\project\ring\protected\models\Eo.php (92)
in E:\project\ring\protected\controllers\EoController.php (33)
in E:\project\ring\index.php (13)
2014/07/05 07:18:39 [warning] [application] Failed to set unsafe attribute "eo_email" of "Eo".
in E:\project\ring\protected\models\Eo.php (92)
in E:\project\ring\protected\controllers\EoController.php (33)
in E:\project\ring\index.php (13)
2014/07/05 07:18:39 [warning] [application] Failed to set unsafe attribute "eo_website" of "Eo".
in E:\project\ring\protected\models\Eo.php (92)
in E:\project\ring\protected\controllers\EoController.php (33)
in E:\project\ring\index.php (13)
2014/07/05 07:18:39 [warning] [application] Failed to set unsafe attribute "description" of "Eo".
in E:\project\ring\protected\models\Eo.php (92)
in E:\project\ring\protected\controllers\EoController.php (33)
in E:\project\ring\index.php (13)
2014/07/05 07:21:23 [warning] [application] Failed to set unsafe attribute "eo_name" of "Eo".
in E:\project\ring\protected\models\Eo.php (92)
in E:\project\ring\protected\controllers\EoController.php (33)
in E:\project\ring\index.php (13)
2014/07/05 07:21:23 [warning] [application] Failed to set unsafe attribute "eo_address" of "Eo".
in E:\project\ring\protected\models\Eo.php (92)
in E:\project\ring\protected\controllers\EoController.php (33)
in E:\project\ring\index.php (13)
2014/07/05 07:21:23 [warning] [application] Failed to set unsafe attribute "eo_phone" of "Eo".
in E:\project\ring\protected\models\Eo.php (92)
in E:\project\ring\protected\controllers\EoController.php (33)
in E:\project\ring\index.php (13)
2014/07/05 07:21:23 [warning] [application] Failed to set unsafe attribute "eo_fax" of "Eo".
in E:\project\ring\protected\models\Eo.php (92)
in E:\project\ring\protected\controllers\EoController.php (33)
in E:\project\ring\index.php (13)
2014/07/05 07:21:23 [warning] [application] Failed to set unsafe attribute "eo_email" of "Eo".
in E:\project\ring\protected\models\Eo.php (92)
in E:\project\ring\protected\controllers\EoController.php (33)
in E:\project\ring\index.php (13)
2014/07/05 07:21:23 [warning] [application] Failed to set unsafe attribute "eo_website" of "Eo".
in E:\project\ring\protected\models\Eo.php (92)
in E:\project\ring\protected\controllers\EoController.php (33)
in E:\project\ring\index.php (13)
2014/07/05 07:21:23 [warning] [application] Failed to set unsafe attribute "description" of "Eo".
in E:\project\ring\protected\models\Eo.php (92)
in E:\project\ring\protected\controllers\EoController.php (33)
in E:\project\ring\index.php (13)
2014/07/05 07:36:36 [error] [php] Undefined variable: model (E:\project\ring\protected\views\eo\_form.php:27)
Stack trace:
#0 E:\project\yii\framework\web\CController.php(869): EoController->renderFile()
#1 E:\project\ring\protected\views\eo\create.php(21): EoController->renderPartial()
#2 E:\project\yii\framework\web\CBaseController.php(126): require()
#3 E:\project\yii\framework\web\CBaseController.php(95): EoController->renderInternal()
#4 E:\project\yii\framework\web\CController.php(869): EoController->renderFile()
#5 E:\project\yii\framework\web\CController.php(782): EoController->renderPartial()
#6 E:\project\ring\protected\controllers\EoController.php(41): EoController->render()
#7 E:\project\yii\framework\web\actions\CInlineAction.php(49): EoController->actionCreate()
#8 E:\project\yii\framework\web\CController.php(308): CInlineAction->runWithParams()
#9 E:\project\yii\framework\web\CController.php(286): EoController->runAction()
#10 E:\project\yii\framework\web\CController.php(265): EoController->runActionWithFilters()
#11 E:\project\yii\framework\web\CWebApplication.php(282): EoController->run()
#12 E:\project\yii\framework\web\CWebApplication.php(141): CWebApplication->runController()
#13 E:\project\yii\framework\base\CApplication.php(180): CWebApplication->processRequest()
#14 E:\project\ring\index.php(13): CWebApplication->run()
REQUEST_URI=/ring/index.php?r=eo/create
in E:\project\ring\protected\views\eo\_form.php (27)
in E:\project\ring\protected\views\eo\create.php (21)
in E:\project\ring\protected\controllers\EoController.php (41)
2014/07/05 07:46:10 [error] [exception.CHttpException.400] exception 'CHttpException' with message 'Your request is invalid.' in E:\project\yii\framework\web\CController.php:336
Stack trace:
#0 E:\project\yii\framework\web\CController.php(309): CController->invalidActionParams(Object(CInlineAction))
#1 E:\project\yii\framework\web\CController.php(286): CController->runAction(Object(CInlineAction))
#2 E:\project\yii\framework\web\CController.php(265): CController->runActionWithFilters(Object(CInlineAction), Array)
#3 E:\project\yii\framework\web\CWebApplication.php(282): CController->run('update')
#4 E:\project\yii\framework\web\CWebApplication.php(141): CWebApplication->runController('eo/update/1')
#5 E:\project\yii\framework\base\CApplication.php(180): CWebApplication->processRequest()
#6 E:\project\ring\index.php(13): CApplication->run()
#7 {main}
REQUEST_URI=/ring/index.php?r=eo/update/1
HTTP_REFERER=http://localhost/ring/index.php?r=eo/index
---
2014/07/05 07:46:36 [error] [exception.CHttpException.400] exception 'CHttpException' with message 'Your request is invalid.' in E:\project\yii\framework\web\CController.php:336
Stack trace:
#0 E:\project\yii\framework\web\CController.php(309): CController->invalidActionParams(Object(CInlineAction))
#1 E:\project\yii\framework\web\CController.php(286): CController->runAction(Object(CInlineAction))
#2 E:\project\yii\framework\web\CController.php(265): CController->runActionWithFilters(Object(CInlineAction), Array)
#3 E:\project\yii\framework\web\CWebApplication.php(282): CController->run('update')
#4 E:\project\yii\framework\web\CWebApplication.php(141): CWebApplication->runController('eo/update/1')
#5 E:\project\yii\framework\base\CApplication.php(180): CWebApplication->processRequest()
#6 E:\project\ring\index.php(13): CApplication->run()
#7 {main}
REQUEST_URI=/ring/index.php?r=eo/update/1
HTTP_REFERER=http://localhost/ring/index.php?r=eo/index
---
2014/07/05 07:47:17 [error] [exception.CException] exception 'CException' with message 'EoController and its behaviors do not have a method or closure named "remder".' in E:\project\yii\framework\base\CComponent.php:266
Stack trace:
#0 E:\project\ring\protected\controllers\EoController.php(62): CComponent->__call('remder', Array)
#1 E:\project\ring\protected\controllers\EoController.php(62): EoController->remder('update', Array)
#2 [internal function]: EoController->actionUpdate('1')
#3 E:\project\yii\framework\web\actions\CAction.php(108): ReflectionMethod->invokeArgs(Object(EoController), Array)
#4 E:\project\yii\framework\web\actions\CInlineAction.php(47): CAction->runWithParamsInternal(Object(EoController), Object(ReflectionMethod), Array)
#5 E:\project\yii\framework\web\CController.php(308): CInlineAction->runWithParams(Array)
#6 E:\project\yii\framework\web\CController.php(286): CController->runAction(Object(CInlineAction))
#7 E:\project\yii\framework\web\CController.php(265): CController->runActionWithFilters(Object(CInlineAction), Array)
#8 E:\project\yii\framework\web\CWebApplication.php(282): CController->run('update')
#9 E:\project\yii\framework\web\CWebApplication.php(141): CWebApplication->runController('eo/update/id/1')
#10 E:\project\yii\framework\base\CApplication.php(180): CWebApplication->processRequest()
#11 E:\project\ring\index.php(13): CApplication->run()
#12 {main}
REQUEST_URI=/ring/index.php?r=eo/update/id/1
HTTP_REFERER=http://localhost/ring/index.php?r=eo/index
---
2014/07/05 07:48:14 [warning] [application] Failed to set unsafe attribute "eo_name" of "Eo".
in E:\project\ring\protected\models\Eo.php (100)
in E:\project\ring\protected\controllers\EoController.php (33)
in E:\project\ring\index.php (13)
2014/07/05 07:48:14 [warning] [application] Failed to set unsafe attribute "eo_address" of "Eo".
in E:\project\ring\protected\models\Eo.php (100)
in E:\project\ring\protected\controllers\EoController.php (33)
in E:\project\ring\index.php (13)
2014/07/05 07:48:14 [warning] [application] Failed to set unsafe attribute "eo_phone" of "Eo".
in E:\project\ring\protected\models\Eo.php (100)
in E:\project\ring\protected\controllers\EoController.php (33)
in E:\project\ring\index.php (13)
2014/07/05 07:48:14 [warning] [application] Failed to set unsafe attribute "eo_fax" of "Eo".
in E:\project\ring\protected\models\Eo.php (100)
in E:\project\ring\protected\controllers\EoController.php (33)
in E:\project\ring\index.php (13)
2014/07/05 07:48:14 [warning] [application] Failed to set unsafe attribute "eo_email" of "Eo".
in E:\project\ring\protected\models\Eo.php (100)
in E:\project\ring\protected\controllers\EoController.php (33)
in E:\project\ring\index.php (13)
2014/07/05 07:48:14 [warning] [application] Failed to set unsafe attribute "eo_website" of "Eo".
in E:\project\ring\protected\models\Eo.php (100)
in E:\project\ring\protected\controllers\EoController.php (33)
in E:\project\ring\index.php (13)
2014/07/05 07:48:14 [warning] [application] Failed to set unsafe attribute "eo_description" of "Eo".
in E:\project\ring\protected\models\Eo.php (100)
in E:\project\ring\protected\controllers\EoController.php (33)
in E:\project\ring\index.php (13)
2014/07/05 07:50:03 [warning] [application] Failed to set unsafe attribute "eo_name" of "Eo".
in E:\project\ring\protected\models\Eo.php (100)
in E:\project\ring\protected\controllers\EoController.php (33)
in E:\project\ring\index.php (13)
2014/07/05 07:50:03 [warning] [application] Failed to set unsafe attribute "eo_address" of "Eo".
in E:\project\ring\protected\models\Eo.php (100)
in E:\project\ring\protected\controllers\EoController.php (33)
in E:\project\ring\index.php (13)
2014/07/05 07:50:03 [warning] [application] Failed to set unsafe attribute "eo_phone" of "Eo".
in E:\project\ring\protected\models\Eo.php (100)
in E:\project\ring\protected\controllers\EoController.php (33)
in E:\project\ring\index.php (13)
2014/07/05 07:50:03 [warning] [application] Failed to set unsafe attribute "eo_fax" of "Eo".
in E:\project\ring\protected\models\Eo.php (100)
in E:\project\ring\protected\controllers\EoController.php (33)
in E:\project\ring\index.php (13)
2014/07/05 07:50:03 [warning] [application] Failed to set unsafe attribute "eo_email" of "Eo".
in E:\project\ring\protected\models\Eo.php (100)
in E:\project\ring\protected\controllers\EoController.php (33)
in E:\project\ring\index.php (13)
2014/07/05 07:50:03 [warning] [application] Failed to set unsafe attribute "eo_website" of "Eo".
in E:\project\ring\protected\models\Eo.php (100)
in E:\project\ring\protected\controllers\EoController.php (33)
in E:\project\ring\index.php (13)
2014/07/05 07:50:03 [warning] [application] Failed to set unsafe attribute "eo_description" of "Eo".
in E:\project\ring\protected\models\Eo.php (100)
in E:\project\ring\protected\controllers\EoController.php (33)
in E:\project\ring\index.php (13)
2014/07/05 08:14:36 [error] [exception.CHttpException.400] exception 'CHttpException' with message 'Your request is invalid.' in E:\project\yii\framework\web\CController.php:336
Stack trace:
#0 E:\project\yii\framework\web\CController.php(309): CController->invalidActionParams(Object(CInlineAction))
#1 E:\project\yii\framework\web\CController.php(286): CController->runAction(Object(CInlineAction))
#2 E:\project\yii\framework\web\CController.php(265): CController->runActionWithFilters(Object(CInlineAction), Array)
#3 E:\project\yii\framework\web\CWebApplication.php(282): CController->run('update')
#4 E:\project\yii\framework\web\CWebApplication.php(141): CWebApplication->runController('eo/update')
#5 E:\project\yii\framework\base\CApplication.php(180): CWebApplication->processRequest()
#6 E:\project\ring\index.php(13): CApplication->run()
#7 {main}
REQUEST_URI=/ring/index.php?r=eo/update
HTTP_REFERER=http://localhost/ring/index.php?r=eo/update/id/1
---
2014/07/05 08:35:04 [error] [exception.CHttpException.400] exception 'CHttpException' with message 'Your request is invalid.' in E:\project\yii\framework\web\CController.php:336
Stack trace:
#0 E:\project\yii\framework\web\CController.php(309): CController->invalidActionParams(Object(CInlineAction))
#1 E:\project\yii\framework\web\CController.php(286): CController->runAction(Object(CInlineAction))
#2 E:\project\yii\framework\web\CController.php(265): CController->runActionWithFilters(Object(CInlineAction), Array)
#3 E:\project\yii\framework\web\CWebApplication.php(282): CController->run('update')
#4 E:\project\yii\framework\web\CWebApplication.php(141): CWebApplication->runController('eo/update')
#5 E:\project\yii\framework\base\CApplication.php(180): CWebApplication->processRequest()
#6 E:\project\ring\index.php(13): CApplication->run()
#7 {main}
REQUEST_URI=/ring/index.php?r=eo/update
---
2014/07/05 08:36:34 [error] [exception.CHttpException.400] exception 'CHttpException' with message 'Your request is invalid.' in E:\project\yii\framework\web\CController.php:336
Stack trace:
#0 E:\project\yii\framework\web\CController.php(309): CController->invalidActionParams(Object(CInlineAction))
#1 E:\project\yii\framework\web\CController.php(286): CController->runAction(Object(CInlineAction))
#2 E:\project\yii\framework\web\CController.php(265): CController->runActionWithFilters(Object(CInlineAction), Array)
#3 E:\project\yii\framework\web\CWebApplication.php(282): CController->run('update')
#4 E:\project\yii\framework\web\CWebApplication.php(141): CWebApplication->runController('eo/update')
#5 E:\project\yii\framework\base\CApplication.php(180): CWebApplication->processRequest()
#6 E:\project\ring\index.php(13): CApplication->run()
#7 {main}
REQUEST_URI=/ring/index.php?r=eo/update
HTTP_REFERER=http://localhost/ring/index.php?r=eo/update/id/1
---
2014/07/05 08:47:29 [error] [php] Undefined index: iDisplayStart (E:\project\ring\protected\models\Eo.php:79)
Stack trace:
#0 E:\project\yii\framework\web\CController.php(308): CInlineAction->runWithParams()
#1 E:\project\yii\framework\web\CController.php(286): EoController->runAction()
#2 E:\project\yii\framework\web\CController.php(265): EoController->runActionWithFilters()
#3 E:\project\yii\framework\web\CWebApplication.php(282): EoController->run()
#4 E:\project\yii\framework\web\CWebApplication.php(141): CWebApplication->runController()
#5 E:\project\yii\framework\base\CApplication.php(180): CWebApplication->processRequest()
#6 E:\project\ring\index.php(13): CWebApplication->run()
REQUEST_URI=/ring/index.php?r=eo/index
in E:\project\ring\protected\models\Eo.php (79)
in E:\project\ring\protected\controllers\EoController.php (19)
in E:\project\ring\index.php (13)
